[2018-01-16T17:15:14.932] [INFO] bot -  -> test
[2018-01-16T17:15:47.740] [INFO] bot -  -> test
[2018-01-16T17:15:53.274] [INFO] bot -  -> hey]
[2018-01-16T17:15:55.236] [INFO] bot -  -> hey
[2018-01-16T17:16:21.755] [INFO] bot -  -> adadas
[2018-01-16T17:16:25.194] [INFO] bot -  -> hey
[2018-01-16T17:17:17.867] [INFO] bot -  -> test
[2018-01-16T17:17:17.892] [INFO] bot -  -> test
[2018-01-16T17:17:33.311] [INFO] bot -  -> sdasdsadsa
[2018-01-17T09:05:38.229] [INFO] bot -  -> like what alcohol
[2018-01-17T09:06:59.254] [INFO] bot -  -> ahh i see
[2018-01-17T09:39:12.031] [INFO] bot -  -> show me some different mixes
[2018-01-17T09:42:30.708] [INFO] bot -  -> dadas
[2018-01-17T09:57:02.711] [INFO] bot -  -> hey
[2018-01-17T09:57:15.858] [INFO] bot -  -> show me some mix
[2018-01-17T09:57:42.917] [INFO] bot -  -> test
[2018-01-17T10:23:33.141] [INFO] bot -  -> show mix samples
[2018-01-17T10:27:38.009] [INFO] bot -  -> test
[2018-01-17T10:28:01.012] [INFO] bot -  -> :)
[2018-01-17T10:28:09.064] [INFO] bot -  -> test
[2018-01-17T10:29:26.014] [INFO] bot -  -> test
[2018-01-17T10:33:53.421] [INFO] bot -  -> show me cat
[2018-01-17T11:46:06.700] [INFO] bot -  -> show mix
[2018-01-17T11:49:27.065] [INFO] bot -  -> node app.js
[2018-01-17T11:52:47.786] [INFO] bot -  -> show sales
[2018-01-17T11:58:34.975] [INFO] bot -  -> show sales
[2018-01-17T11:59:27.197] [INFO] bot -  -> node app.js
[2018-01-17T13:49:06.774] [INFO] bot -  -> 1
[2018-01-17T13:59:40.795] [INFO] bot -  -> show me different mixes
[2018-01-17T14:00:33.266] [INFO] bot -  -> show me different mixes
[2018-01-17T14:06:37.999] [INFO] bot -  -> ioaidoas
[2018-01-17T14:18:24.610] [INFO] bot -  -> show me sales
[2018-01-17T14:18:49.047] [INFO] bot -  -> show me sales mix
[2018-01-17T14:23:54.878] [INFO] bot -  -> show me sales
[2018-01-17T14:24:39.057] [INFO] bot -  -> show me sales
